app/build/intermediates/manifest_merge_blame_file/debug/processDebugMainManifest/manifest-merger-blame-debug-report.txt
1<?xml version="1.0" encoding="utf-8"?>
2<manifest xmlns:android="http://schemas.android.com/apk/res/android"
3    package="com.example.beacon"
4    android:versionCode="1"
5    android:versionName="1.0" >
6
7    <uses-sdk
8        android:minSdkVersion="31"
9        android:targetSdkVersion="36" />
10
11    <!-- 🔐 Permissions -->
12    <uses-permission android:name="android.permission.INTERNET" />
12-->src\main\AndroidManifest.xml:5:5-67
12-->src\main\AndroidManifest.xml:5:22-64
13    <uses-permission android:name="android.permission.ACCESS_FINE_LOCATION" />
13-->src\main\AndroidManifest.xml:6:5-79
13-->src\main\AndroidManifest.xml:6:22-76
14    <uses-permission android:name="android.permission.SEND_SMS" />
14-->src\main\AndroidManifest.xml:7:5-67
14-->src\main\AndroidManifest.xml:7:22-64
15    <uses-permission android:name="android.permission.ACCESS_COARSE_LOCATION" />
15-->src\main\AndroidManifest.xml:9:5-81
15-->src\main\AndroidManifest.xml:9:22-78
16    <uses-permission android:name="android.permission.FOREGROUND_SERVICE" />
16-->src\main\AndroidManifest.xml:10:5-77
16-->src\main\AndroidManifest.xml:10:22-74
17    <uses-permission android:name="android.permission.FOREGROUND_SERVICE_SPECIAL_USE" />
17-->src\main\AndroidManifest.xml:11:5-89
17-->src\main\AndroidManifest.xml:11:22-86
18
19    <uses-feature
19-->src\main\AndroidManifest.xml:13:5-15:36
20        android:name="android.hardware.telephony"
20-->src\main\AndroidManifest.xml:14:9-50
21        android:required="false" />
21-->src\main\AndroidManifest.xml:15:9-33
22
23    <!-- Although the *SdkVersion is captured in gradle build files, this is required for non gradle builds -->
24    <!-- <uses-sdk android:minSdkVersion="21" /> -->
25    <uses-permission android:name="android.permission.ACCESS_NETWORK_STATE" />
25-->[com.google.firebase:firebase-firestore:25.0.0] AndroidManifest.xml:10:5-79
25-->[com.google.firebase:firebase-firestore:25.0.0] AndroidManifest.xml:10:22-76
26    <uses-permission android:name="android.permission.POST_NOTIFICATIONS" />
26-->[com.google.firebase:firebase-messaging:24.0.0] AndroidManifest.xml:23:5-77
26-->[com.google.firebase:firebase-messaging:24.0.0] AndroidManifest.xml:23:22-74
27    <uses-permission android:name="android.permission.WAKE_LOCK" /> <!-- Required by older versions of Google Play services to create IID tokens -->
27-->[com.google.firebase:firebase-messaging:24.0.0] AndroidManifest.xml:24:5-68
27-->[com.google.firebase:firebase-messaging:24.0.0] AndroidManifest.xml:24:22-65
28    <uses-permission android:name="com.google.android.c2dm.permission.RECEIVE" />
28-->[com.google.firebase:firebase-messaging:24.0.0] AndroidManifest.xml:26:5-82
28-->[com.google.firebase:firebase-messaging:24.0.0] AndroidManifest.xml:26:22-79
29    <uses-permission android:name="com.google.android.gms.permission.AD_ID" />
29-->[com.google.android.gms:play-services-measurement-api:22.0.1] AndroidManifest.xml:25:5-79
29-->[com.google.android.gms:play-services-measurement-api:22.0.1] AndroidManifest.xml:25:22-76
30    <uses-permission android:name="android.permission.ACCESS_ADSERVICES_ATTRIBUTION" />
30-->[com.google.android.gms:play-services-measurement-api:22.0.1] AndroidManifest.xml:26:5-88
30-->[com.google.android.gms:play-services-measurement-api:22.0.1] AndroidManifest.xml:26:22-85
31    <uses-permission android:name="android.permission.ACCESS_ADSERVICES_AD_ID" />
31-->[com.google.android.gms:play-services-measurement-api:22.0.1] AndroidManifest.xml:27:5-82
31-->[com.google.android.gms:play-services-measurement-api:22.0.1] AndroidManifest.xml:27:22-79
32    <uses-permission android:name="com.google.android.providers.gsf.permission.READ_GSERVICES" />
32-->[com.google.android.recaptcha:recaptcha:18.4.0] AndroidManifest.xml:9:5-98
32-->[com.google.android.recaptcha:recaptcha:18.4.0] AndroidManifest.xml:9:22-95
33    <uses-permission android:name="com.google.android.finsky.permission.BIND_GET_INSTALL_REFERRER_SERVICE" />
33-->[com.google.android.gms:play-services-measurement:22.0.1] AndroidManifest.xml:26:5-110
33-->[com.google.android.gms:play-services-measurement:22.0.1] AndroidManifest.xml:26:22-107
34
35    <permission
35-->[androidx.core:core:1.16.0] AndroidManifest.xml:22:5-24:47
36        android:name="com.example.beacon.DYNAMIC_RECEIVER_NOT_EXPORTED_PERMISSION"
36-->[androidx.core:core:1.16.0] AndroidManifest.xml:23:9-81
37        android:protectionLevel="signature" />
37-->[androidx.core:core:1.16.0] AndroidManifest.xml:24:9-44
38
39    <uses-permission android:name="com.example.beacon.DYNAMIC_RECEIVER_NOT_EXPORTED_PERMISSION" />
39-->[androidx.core:core:1.16.0] AndroidManifest.xml:26:5-97
39-->[androidx.core:core:1.16.0] AndroidManifest.xml:26:22-94
40
41    <application
41-->src\main\AndroidManifest.xml:16:5-39:19
42        android:allowBackup="true"
42-->src\main\AndroidManifest.xml:17:9-35
43        android:appComponentFactory="androidx.core.app.CoreComponentFactory"
43-->[androidx.core:core:1.16.0] AndroidManifest.xml:28:18-86
44        android:debuggable="true"
45        android:extractNativeLibs="false"
46        android:label="@string/app_name"
46-->src\main\AndroidManifest.xml:18:9-41
47        android:testOnly="true"
48        android:theme="@style/Theme.BEACON" >
48-->src\main\AndroidManifest.xml:19:9-44
49
50        <!-- Main Launcher Activity -->
51        <activity
51-->src\main\AndroidManifest.xml:22:9-29:20
52            android:name="com.example.beacon.MainActivity"
52-->src\main\AndroidManifest.xml:23:13-41
53            android:exported="true" >
53-->src\main\AndroidManifest.xml:24:13-36
54            <intent-filter>
54-->src\main\AndroidManifest.xml:25:13-28:29
55                <action android:name="android.intent.action.MAIN" />
55-->src\main\AndroidManifest.xml:26:17-69
55-->src\main\AndroidManifest.xml:26:25-66
56
57                <category android:name="android.intent.category.LAUNCHER" />
57-->src\main\AndroidManifest.xml:27:17-77
57-->src\main\AndroidManifest.xml:27:27-74
58            </intent-filter>
59        </activity>
60
61        <!-- Future use: Add trusted contacts -->
62        <activity android:name="com.example.beacon.AddContactActivity" />
62-->src\main\AndroidManifest.xml:32:9-56
62-->src\main\AndroidManifest.xml:32:19-53
63
64        <service
64-->src\main\AndroidManifest.xml:34:9-38:69
65            android:name="com.example.beacon.EmergencyService"
65-->src\main\AndroidManifest.xml:35:13-45
66            android:enabled="true"
66-->src\main\AndroidManifest.xml:36:13-35
67            android:exported="false"
67-->src\main\AndroidManifest.xml:37:13-37
68            android:foregroundServiceType="specialUse|specialUse" />
68-->src\main\AndroidManifest.xml:38:13-66
69        <service
69-->[com.google.firebase:firebase-firestore:25.0.0] AndroidManifest.xml:14:9-23:19
70            android:name="com.google.firebase.components.ComponentDiscoveryService"
70-->[com.google.firebase:firebase-firestore:25.0.0] AndroidManifest.xml:15:13-84
71            android:directBootAware="true"
71-->[com.google.firebase:firebase-common:21.0.0] AndroidManifest.xml:32:13-43
72            android:exported="false" >
72-->[com.google.firebase:firebase-firestore:25.0.0] AndroidManifest.xml:16:13-37
73            <meta-data
73-->[com.google.firebase:firebase-firestore:25.0.0] AndroidManifest.xml:17:13-19:85
74                android:name="com.google.firebase.components:com.google.firebase.firestore.FirebaseFirestoreKtxRegistrar"
74-->[com.google.firebase:firebase-firestore:25.0.0] AndroidManifest.xml:18:17-122
75                android:value="com.google.firebase.components.ComponentRegistrar" />
75-->[com.google.firebase:firebase-firestore:25.0.0] AndroidManifest.xml:19:17-82
76            <meta-data
76-->[com.google.firebase:firebase-firestore:25.0.0] AndroidManifest.xml:20:13-22:85
77                android:name="com.google.firebase.components:com.google.firebase.firestore.FirestoreRegistrar"
77-->[com.google.firebase:firebase-firestore:25.0.0] AndroidManifest.xml:21:17-111
78                android:value="com.google.firebase.components.ComponentRegistrar" />
78-->[com.google.firebase:firebase-firestore:25.0.0] AndroidManifest.xml:22:17-82
79            <meta-data
79-->[com.google.firebase:firebase-messaging:24.0.0] AndroidManifest.xml:57:13-59:85
80                android:name="com.google.firebase.components:com.google.firebase.messaging.FirebaseMessagingKtxRegistrar"
80-->[com.google.firebase:firebase-messaging:24.0.0] AndroidManifest.xml:58:17-122
81                android:value="com.google.firebase.components.ComponentRegistrar" />
81-->[com.google.firebase:firebase-messaging:24.0.0] AndroidManifest.xml:59:17-82
82            <meta-data
82-->[com.google.firebase:firebase-messaging:24.0.0] AndroidManifest.xml:60:13-62:85
83                android:name="com.google.firebase.components:com.google.firebase.messaging.FirebaseMessagingRegistrar"
83-->[com.google.firebase:firebase-messaging:24.0.0] AndroidManifest.xml:61:17-119
84                android:value="com.google.firebase.components.ComponentRegistrar" />
84-->[com.google.firebase:firebase-messaging:24.0.0] AndroidManifest.xml:62:17-82
85            <meta-data
85-->[com.google.firebase:firebase-storage:21.0.0] AndroidManifest.xml:30:13-32:85
86                android:name="com.google.firebase.components:com.google.firebase.storage.FirebaseStorageKtxRegistrar"
86-->[com.google.firebase:firebase-storage:21.0.0] AndroidManifest.xml:31:17-118
87                android:value="com.google.firebase.components.ComponentRegistrar" />
87-->[com.google.firebase:firebase-storage:21.0.0] AndroidManifest.xml:32:17-82
88            <meta-data
88-->[com.google.firebase:firebase-storage:21.0.0] AndroidManifest.xml:33:13-35:85
89                android:name="com.google.firebase.components:com.google.firebase.storage.StorageRegistrar"
89-->[com.google.firebase:firebase-storage:21.0.0] AndroidManifest.xml:34:17-107
90                android:value="com.google.firebase.components.ComponentRegistrar" />
90-->[com.google.firebase:firebase-storage:21.0.0] AndroidManifest.xml:35:17-82
91            <meta-data
91-->[com.google.firebase:firebase-database:21.0.0] AndroidManifest.xml:29:13-31:85
92                android:name="com.google.firebase.components:com.google.firebase.database.FirebaseDatabaseKtxRegistrar"
92-->[com.google.firebase:firebase-database:21.0.0] AndroidManifest.xml:30:17-120
93                android:value="com.google.firebase.components.ComponentRegistrar" />
93-->[com.google.firebase:firebase-database:21.0.0] AndroidManifest.xml:31:17-82
94            <meta-data
94-->[com.google.firebase:firebase-database:21.0.0] AndroidManifest.xml:32:13-34:85
95                android:name="com.google.firebase.components:com.google.firebase.database.DatabaseRegistrar"
95-->[com.google.firebase:firebase-database:21.0.0] AndroidManifest.xml:33:17-109
96                android:value="com.google.firebase.components.ComponentRegistrar" />
96-->[com.google.firebase:firebase-database:21.0.0] AndroidManifest.xml:34:17-82
97            <meta-data
97-->[com.google.firebase:firebase-auth:23.0.0] AndroidManifest.xml:69:13-71:85
98                android:name="com.google.firebase.components:com.google.firebase.auth.FirebaseAuthRegistrar"
98-->[com.google.firebase:firebase-auth:23.0.0] AndroidManifest.xml:70:17-109
99                android:value="com.google.firebase.components.ComponentRegistrar" />
99-->[com.google.firebase:firebase-auth:23.0.0] AndroidManifest.xml:71:17-82
100            <meta-data
100-->[com.google.firebase:firebase-appcheck:18.0.0] AndroidManifest.xml:25:13-27:85
101                android:name="com.google.firebase.components:com.google.firebase.appcheck.FirebaseAppCheckKtxRegistrar"
101-->[com.google.firebase:firebase-appcheck:18.0.0] AndroidManifest.xml:26:17-120
102                android:value="com.google.firebase.components.ComponentRegistrar" />
102-->[com.google.firebase:firebase-appcheck:18.0.0] AndroidManifest.xml:27:17-82
103            <meta-data
103-->[com.google.firebase:firebase-appcheck:18.0.0] AndroidManifest.xml:28:13-30:85
104                android:name="com.google.firebase.components:com.google.firebase.appcheck.FirebaseAppCheckRegistrar"
104-->[com.google.firebase:firebase-appcheck:18.0.0] AndroidManifest.xml:29:17-117
105                android:value="com.google.firebase.components.ComponentRegistrar" />
105-->[com.google.firebase:firebase-appcheck:18.0.0] AndroidManifest.xml:30:17-82
106            <meta-data
106-->[com.google.android.gms:play-services-measurement-api:22.0.1] AndroidManifest.xml:37:13-39:85
107                android:name="com.google.firebase.components:com.google.firebase.analytics.connector.internal.AnalyticsConnectorRegistrar"
107-->[com.google.android.gms:play-services-measurement-api:22.0.1] AndroidManifest.xml:38:17-139
108                android:value="com.google.firebase.components.ComponentRegistrar" />
108-->[com.google.android.gms:play-services-measurement-api:22.0.1] AndroidManifest.xml:39:17-82
109            <meta-data
109-->[com.google.firebase:firebase-installations:18.0.0] AndroidManifest.xml:15:13-17:85
110                android:name="com.google.firebase.components:com.google.firebase.installations.FirebaseInstallationsKtxRegistrar"
110-->[com.google.firebase:firebase-installations:18.0.0] AndroidManifest.xml:16:17-130
111                android:value="com.google.firebase.components.ComponentRegistrar" />
111-->[com.google.firebase:firebase-installations:18.0.0] AndroidManifest.xml:17:17-82
112            <meta-data
112-->[com.google.firebase:firebase-installations:18.0.0] AndroidManifest.xml:18:13-20:85
113                android:name="com.google.firebase.components:com.google.firebase.installations.FirebaseInstallationsRegistrar"
113-->[com.google.firebase:firebase-installations:18.0.0] AndroidManifest.xml:19:17-127
114                android:value="com.google.firebase.components.ComponentRegistrar" />
114-->[com.google.firebase:firebase-installations:18.0.0] AndroidManifest.xml:20:17-82
115            <meta-data
115-->[com.google.firebase:firebase-common-ktx:21.0.0] AndroidManifest.xml:12:13-14:85
116                android:name="com.google.firebase.components:com.google.firebase.ktx.FirebaseCommonLegacyRegistrar"
116-->[com.google.firebase:firebase-common-ktx:21.0.0] AndroidManifest.xml:13:17-116
117                android:value="com.google.firebase.components.ComponentRegistrar" />
117-->[com.google.firebase:firebase-common-ktx:21.0.0] AndroidManifest.xml:14:17-82
118            <meta-data
118-->[com.google.firebase:firebase-common:21.0.0] AndroidManifest.xml:35:13-37:85
119                android:name="com.google.firebase.components:com.google.firebase.FirebaseCommonKtxRegistrar"
119-->[com.google.firebase:firebase-common:21.0.0] AndroidManifest.xml:36:17-109
120                android:value="com.google.firebase.components.ComponentRegistrar" />
120-->[com.google.firebase:firebase-common:21.0.0] AndroidManifest.xml:37:17-82
121            <meta-data
121-->[com.google.firebase:firebase-datatransport:18.2.0] AndroidManifest.xml:25:13-27:85
122                android:name="com.google.firebase.components:com.google.firebase.datatransport.TransportRegistrar"
122-->[com.google.firebase:firebase-datatransport:18.2.0] AndroidManifest.xml:26:17-115
123                android:value="com.google.firebase.components.ComponentRegistrar" />
123-->[com.google.firebase:firebase-datatransport:18.2.0] AndroidManifest.xml:27:17-82
124        </service>
125
126        <receiver
126-->[com.google.firebase:firebase-messaging:24.0.0] AndroidManifest.xml:29:9-40:20
127            android:name="com.google.firebase.iid.FirebaseInstanceIdReceiver"
127-->[com.google.firebase:firebase-messaging:24.0.0] AndroidManifest.xml:30:13-78
128            android:exported="true"
128-->[com.google.firebase:firebase-messaging:24.0.0] AndroidManifest.xml:31:13-36
129            android:permission="com.google.android.c2dm.permission.SEND" >
129-->[com.google.firebase:firebase-messaging:24.0.0] AndroidManifest.xml:32:13-73
130            <intent-filter>
130-->[com.google.firebase:firebase-messaging:24.0.0] AndroidManifest.xml:33:13-35:29
131                <action android:name="com.google.android.c2dm.intent.RECEIVE" />
131-->[com.google.firebase:firebase-messaging:24.0.0] AndroidManifest.xml:34:17-81
131-->[com.google.firebase:firebase-messaging:24.0.0] AndroidManifest.xml:34:25-78
132            </intent-filter>
133
134            <meta-data
134-->[com.google.firebase:firebase-messaging:24.0.0] AndroidManifest.xml:37:13-39:40
135                android:name="com.google.android.gms.cloudmessaging.FINISHED_AFTER_HANDLED"
135-->[com.google.firebase:firebase-messaging:24.0.0] AndroidManifest.xml:38:17-92
136                android:value="true" />
136-->[com.google.firebase:firebase-messaging:24.0.0] AndroidManifest.xml:39:17-37
137        </receiver>
138        <!--
139             FirebaseMessagingService performs security checks at runtime,
140             but set to not exported to explicitly avoid allowing another app to call it.
141        -->
142        <service
142-->[com.google.firebase:firebase-messaging:24.0.0] AndroidManifest.xml:46:9-53:19
143            android:name="com.google.firebase.messaging.FirebaseMessagingService"
143-->[com.google.firebase:firebase-messaging:24.0.0] AndroidManifest.xml:47:13-82
144            android:directBootAware="true"
144-->[com.google.firebase:firebase-messaging:24.0.0] AndroidManifest.xml:48:13-43
145            android:exported="false" >
145-->[com.google.firebase:firebase-messaging:24.0.0] AndroidManifest.xml:49:13-37
146            <intent-filter android:priority="-500" >
146-->[com.google.firebase:firebase-messaging:24.0.0] AndroidManifest.xml:50:13-52:29
146-->[com.google.firebase:firebase-messaging:24.0.0] AndroidManifest.xml:50:28-51
147                <action android:name="com.google.firebase.MESSAGING_EVENT" />
147-->[com.google.firebase:firebase-messaging:24.0.0] AndroidManifest.xml:51:17-78
147-->[com.google.firebase:firebase-messaging:24.0.0] AndroidManifest.xml:51:25-75
148            </intent-filter>
149        </service>
150
151        <activity
151-->[com.google.firebase:firebase-auth:23.0.0] AndroidManifest.xml:29:9-46:20
152            android:name="com.google.firebase.auth.internal.GenericIdpActivity"
152-->[com.google.firebase:firebase-auth:23.0.0] AndroidManifest.xml:30:13-80
153            android:excludeFromRecents="true"
153-->[com.google.firebase:firebase-auth:23.0.0] AndroidManifest.xml:31:13-46
154            android:exported="true"
154-->[com.google.firebase:firebase-auth:23.0.0] AndroidManifest.xml:32:13-36
155            android:launchMode="singleTask"
155-->[com.google.firebase:firebase-auth:23.0.0] AndroidManifest.xml:33:13-44
156            android:theme="@android:style/Theme.Translucent.NoTitleBar" >
156-->[com.google.firebase:firebase-auth:23.0.0] AndroidManifest.xml:34:13-72
157            <intent-filter>
157-->[com.google.firebase:firebase-auth:23.0.0] AndroidManifest.xml:35:13-45:29
158                <action android:name="android.intent.action.VIEW" />
158-->[com.google.firebase:firebase-auth:23.0.0] AndroidManifest.xml:36:17-69
158-->[com.google.firebase:firebase-auth:23.0.0] AndroidManifest.xml:36:25-66
159
160                <category android:name="android.intent.category.DEFAULT" />
160-->[com.google.firebase:firebase-auth:23.0.0] AndroidManifest.xml:38:17-76
160-->[com.google.firebase:firebase-auth:23.0.0] AndroidManifest.xml:38:27-73
161                <category android:name="android.intent.category.BROWSABLE" />
161-->[com.google.firebase:firebase-auth:23.0.0] AndroidManifest.xml:39:17-78
161-->[com.google.firebase:firebase-auth:23.0.0] AndroidManifest.xml:39:27-75
162
163                <data
163-->[com.google.firebase:firebase-auth:23.0.0] AndroidManifest.xml:41:17-44:51
164                    android:host="firebase.auth"
164-->[com.google.firebase:firebase-auth:23.0.0] AndroidManifest.xml:42:21-49
165                    android:path="/"
165-->[com.google.firebase:firebase-auth:23.0.0] AndroidManifest.xml:43:21-37
166                    android:scheme="genericidp" />
166-->[com.google.firebase:firebase-auth:23.0.0] AndroidManifest.xml:44:21-48
167            </intent-filter>
168        </activity>
169        <activity
169-->[com.google.firebase:firebase-auth:23.0.0] AndroidManifest.xml:47:9-64:20
170            android:name="com.google.firebase.auth.internal.RecaptchaActivity"
170-->[com.google.firebase:firebase-auth:23.0.0] AndroidManifest.xml:48:13-79
171            android:excludeFromRecents="true"
171-->[com.google.firebase:firebase-auth:23.0.0] AndroidManifest.xml:49:13-46
172            android:exported="true"
172-->[com.google.firebase:firebase-auth:23.0.0] AndroidManifest.xml:50:13-36
173            android:launchMode="singleTask"
173-->[com.google.firebase:firebase-auth:23.0.0] AndroidManifest.xml:51:13-44
174            android:theme="@android:style/Theme.Translucent.NoTitleBar" >
174-->[com.google.firebase:firebase-auth:23.0.0] AndroidManifest.xml:52:13-72
175            <intent-filter>
175-->[com.google.firebase:firebase-auth:23.0.0] AndroidManifest.xml:53:13-63:29
176                <action android:name="android.intent.action.VIEW" />
176-->[com.google.firebase:firebase-auth:23.0.0] AndroidManifest.xml:36:17-69
176-->[com.google.firebase:firebase-auth:23.0.0] AndroidManifest.xml:36:25-66
177
178                <category android:name="android.intent.category.DEFAULT" />
178-->[com.google.firebase:firebase-auth:23.0.0] AndroidManifest.xml:38:17-76
178-->[com.google.firebase:firebase-auth:23.0.0] AndroidManifest.xml:38:27-73
179                <category android:name="android.intent.category.BROWSABLE" />
179-->[com.google.firebase:firebase-auth:23.0.0] AndroidManifest.xml:39:17-78
179-->[com.google.firebase:firebase-auth:23.0.0] AndroidManifest.xml:39:27-75
180
181                <data
181-->[com.google.firebase:firebase-auth:23.0.0] AndroidManifest.xml:41:17-44:51
182                    android:host="firebase.auth"
182-->[com.google.firebase:firebase-auth:23.0.0] AndroidManifest.xml:42:21-49
183                    android:path="/"
183-->[com.google.firebase:firebase-auth:23.0.0] AndroidManifest.xml:43:21-37
184                    android:scheme="recaptcha" />
184-->[com.google.firebase:firebase-auth:23.0.0] AndroidManifest.xml:44:21-48
185            </intent-filter>
186        </activity>
187
188        <service
188-->[androidx.credentials:credentials-play-services-auth:1.2.0-rc01] AndroidManifest.xml:24:9-32:19
189            android:name="androidx.credentials.playservices.CredentialProviderMetadataHolder"
189-->[androidx.credentials:credentials-play-services-auth:1.2.0-rc01] AndroidManifest.xml:25:13-94
190            android:enabled="true"
190-->[androidx.credentials:credentials-play-services-auth:1.2.0-rc01] AndroidManifest.xml:26:13-35
191            android:exported="false" >
191-->[androidx.credentials:credentials-play-services-auth:1.2.0-rc01] AndroidManifest.xml:27:13-37
192            <meta-data
192-->[androidx.credentials:credentials-play-services-auth:1.2.0-rc01] AndroidManifest.xml:29:13-31:104
193                android:name="androidx.credentials.CREDENTIAL_PROVIDER_KEY"
193-->[androidx.credentials:credentials-play-services-auth:1.2.0-rc01] AndroidManifest.xml:30:17-76
194                android:value="androidx.credentials.playservices.CredentialProviderPlayServicesImpl" />
194-->[androidx.credentials:credentials-play-services-auth:1.2.0-rc01] AndroidManifest.xml:31:17-101
195        </service>
196
197        <activity
197-->[androidx.credentials:credentials-play-services-auth:1.2.0-rc01] AndroidManifest.xml:34:9-41:20
198            android:name="androidx.credentials.playservices.HiddenActivity"
198-->[androidx.credentials:credentials-play-services-auth:1.2.0-rc01] AndroidManifest.xml:35:13-76
199            android:configChanges="orientation|screenSize|screenLayout|keyboardHidden"
199-->[androidx.credentials:credentials-play-services-auth:1.2.0-rc01] AndroidManifest.xml:36:13-87
200            android:enabled="true"
200-->[androidx.credentials:credentials-play-services-auth:1.2.0-rc01] AndroidManifest.xml:37:13-35
201            android:exported="false"
201-->[androidx.credentials:credentials-play-services-auth:1.2.0-rc01] AndroidManifest.xml:38:13-37
202            android:fitsSystemWindows="true"
202-->[androidx.credentials:credentials-play-services-auth:1.2.0-rc01] AndroidManifest.xml:39:13-45
203            android:theme="@style/Theme.Hidden" >
203-->[androidx.credentials:credentials-play-services-auth:1.2.0-rc01] AndroidManifest.xml:40:13-48
204        </activity>
205        <activity
205-->[com.google.android.gms:play-services-auth:20.7.0] AndroidManifest.xml:23:9-27:75
206            android:name="com.google.android.gms.auth.api.signin.internal.SignInHubActivity"
206-->[com.google.android.gms:play-services-auth:20.7.0] AndroidManifest.xml:24:13-93
207            android:excludeFromRecents="true"
207-->[com.google.android.gms:play-services-auth:20.7.0] AndroidManifest.xml:25:13-46
208            android:exported="false"
208-->[com.google.android.gms:play-services-auth:20.7.0] AndroidManifest.xml:26:13-37
209            android:theme="@android:style/Theme.Translucent.NoTitleBar" />
209-->[com.google.android.gms:play-services-auth:20.7.0] AndroidManifest.xml:27:13-72
210        <!--
211            Service handling Google Sign-In user revocation. For apps that do not integrate with
212            Google Sign-In, this service will never be started.
213        -->
214        <service
214-->[com.google.android.gms:play-services-auth:20.7.0] AndroidManifest.xml:33:9-37:51
215            android:name="com.google.android.gms.auth.api.signin.RevocationBoundService"
215-->[com.google.android.gms:play-services-auth:20.7.0] AndroidManifest.xml:34:13-89
216            android:exported="true"
216-->[com.google.android.gms:play-services-auth:20.7.0] AndroidManifest.xml:35:13-36
217            android:permission="com.google.android.gms.auth.api.signin.permission.REVOCATION_NOTIFICATION"
217-->[com.google.android.gms:play-services-auth:20.7.0] AndroidManifest.xml:36:13-107
218            android:visibleToInstantApps="true" />
218-->[com.google.android.gms:play-services-auth:20.7.0] AndroidManifest.xml:37:13-48
219
220        <activity
220-->[com.google.android.gms:play-services-base:18.5.0] AndroidManifest.xml:5:9-173
221            android:name="com.google.android.gms.common.api.GoogleApiActivity"
221-->[com.google.android.gms:play-services-base:18.5.0] AndroidManifest.xml:5:19-85
222            android:exported="false"
222-->[com.google.android.gms:play-services-base:18.5.0] AndroidManifest.xml:5:146-170
223            android:theme="@android:style/Theme.Translucent.NoTitleBar" />
223-->[com.google.android.gms:play-services-base:18.5.0] AndroidManifest.xml:5:86-145
224
225        <property
225-->[com.google.android.gms:play-services-measurement-api:22.0.1] AndroidManifest.xml:30:9-32:61
226            android:name="android.adservices.AD_SERVICES_CONFIG"
226-->[com.google.android.gms:play-services-measurement-api:22.0.1] AndroidManifest.xml:31:13-65
227            android:resource="@xml/ga_ad_services_config" />
227-->[com.google.android.gms:play-services-measurement-api:22.0.1] AndroidManifest.xml:32:13-58
228
229        <provider
229-->[com.google.firebase:firebase-common:21.0.0] AndroidManifest.xml:23:9-28:39
230            android:name="com.google.firebase.provider.FirebaseInitProvider"
230-->[com.google.firebase:firebase-common:21.0.0] AndroidManifest.xml:24:13-77
231            android:authorities="com.example.beacon.firebaseinitprovider"
231-->[com.google.firebase:firebase-common:21.0.0] AndroidManifest.xml:25:13-72
232            android:directBootAware="true"
232-->[com.google.firebase:firebase-common:21.0.0] AndroidManifest.xml:26:13-43
233            android:exported="false"
233-->[com.google.firebase:firebase-common:21.0.0] AndroidManifest.xml:27:13-37
234            android:initOrder="100" />
234-->[com.google.firebase:firebase-common:21.0.0] AndroidManifest.xml:28:13-36
235        <provider
235-->[androidx.emoji2:emoji2:1.3.0] AndroidManifest.xml:24:9-32:20
236            android:name="androidx.startup.InitializationProvider"
236-->[androidx.emoji2:emoji2:1.3.0] AndroidManifest.xml:25:13-67
237            android:authorities="com.example.beacon.androidx-startup"
237-->[androidx.emoji2:emoji2:1.3.0] AndroidManifest.xml:26:13-68
238            android:exported="false" >
238-->[androidx.emoji2:emoji2:1.3.0] AndroidManifest.xml:27:13-37
239            <meta-data
239-->[androidx.emoji2:emoji2:1.3.0] AndroidManifest.xml:29:13-31:52
240                android:name="androidx.emoji2.text.EmojiCompatInitializer"
240-->[androidx.emoji2:emoji2:1.3.0] AndroidManifest.xml:30:17-75
241                android:value="androidx.startup" />
241-->[androidx.emoji2:emoji2:1.3.0] AndroidManifest.xml:31:17-49
242            <meta-data
242-->[androidx.lifecycle:lifecycle-process:2.6.2] AndroidManifest.xml:29:13-31:52
243                android:name="androidx.lifecycle.ProcessLifecycleInitializer"
243-->[androidx.lifecycle:lifecycle-process:2.6.2] AndroidManifest.xml:30:17-78
244                android:value="androidx.startup" />
244-->[androidx.lifecycle:lifecycle-process:2.6.2] AndroidManifest.xml:31:17-49
245            <meta-data
245-->[androidx.profileinstaller:profileinstaller:1.4.0] AndroidManifest.xml:29:13-31:52
246                android:name="androidx.profileinstaller.ProfileInstallerInitializer"
246-->[androidx.profileinstaller:profileinstaller:1.4.0] AndroidManifest.xml:30:17-85
247                android:value="androidx.startup" />
247-->[androidx.profileinstaller:profileinstaller:1.4.0] AndroidManifest.xml:31:17-49
248        </provider>
249
250        <receiver